2023/04/14 00:04:55 INSERT INTO pharmacyorder (id, pharmacyUsername, medId, quantity, status, supName, order_date, delivery_date, order_total) VALUES (410895testPharmacy356, 'testPharmacy', 'Med0001', '3', '0', '', '2023-04-13', null, '30')
2023/04/14 00:06:23 INSERT INTO pharmacyorder (id, pharmacyUsername, medId, quantity, status, supName, order_date, delivery_date, order_total) VALUES ('410983testPharmacy239', 'testPharmacy', 'Med0001', '3', '0', '', '2023-04-13', null, '30')
2023/04/14 00:08:26 INSERT INTO pharmacyorder (id, pharmacyUsername, medId, quantity, status, supName, order_date, delivery_date, order_total) VALUES ('411106testPharmacy142', 'testPharmacy', 'Med0001', '3', '0', null, '2023-04-13', null, '30')
2023/04/14 00:10:05 INSERT INTO pharmacyorder (id, pharmacyUsername, medId, quantity, status, supName, order_date, delivery_date, order_total) VALUES ('411205testPharmacy977', 'testPharmacy', 'Med0001', '3', '0', null, '2023-04-13', null, '230')
2023/04/14 00:10:07 INSERT INTO pharmacyorder (id, pharmacyUsername, medId, quantity, status, supName, order_date, delivery_date, order_total) VALUES ('411207testPharmacy646', 'testPharmacy', 'Med0006', '4', '0', null, '2023-04-13', null, '230')
2023/04/14 00:27:07 INSERT INTO pharmacyorder (id, pharmacyUsername, medId, quantity, status, supName, order_date, delivery_date, order_total) VALUES ('412227testPharmacy697', 'testPharmacy', 'Med0007', '4', '0', null, '2023-04-13', null, '280')
2023/04/14 00:38:46 INSERT INTO pharmacyorder (id, pharmacyUsername, status, supName, order_date, delivery_date, order_total) VALUES ('412926testPharmacy209', 'testPharmacy', '0', null, '2023-04-13', null, '280')
2023/04/14 00:43:27 INSERT INTO pharmacyorder (id, pharmacyUsername, status, supName, order_date, delivery_date, order_total) VALUES ('413207testPharmacy703', 'testPharmacy', '0', null, '2023-04-13', null, '220')
2023/04/14 00:44:43 INSERT INTO pharmacyorder (id, pharmacyUsername, status, supName, order_date, delivery_date, order_total) VALUES ('413283testPharmacy212', 'testPharmacy', '0', null, '2023-04-13', null, '220')
2023/04/14 00:44:45 INSERT INTO pharmacyordermedicine (orderid, pharmacyUsername, medId, quantity, status, supName, order_date, delivery_date, order_total) VALUES ('413283testPharmacy212', 'testPharmacy', '()', '()', '0', null, '413283testPharmacy212', null, '220')
2023/04/14 00:46:04 INSERT INTO pharmacyorder (id, pharmacyUsername, status, supName, order_date, delivery_date, order_total) VALUES ('413364testPharmacy60', 'testPharmacy', '0', null, '2023-04-13', null, '220')
2023/04/14 00:46:06 INSERT INTO pharmacyordermedicine (orderid, pharmacyUsername, medId, quantity, status, supName, order_date, delivery_date, order_total) VALUES ('413364testPharmacy60', 'testPharmacy', '()', '()', '0', null, '413364testPharmacy60', null, '220')
2023/04/14 00:47:34 INSERT INTO pharmacyorder (id, pharmacyUsername, status, supName, order_date, delivery_date, order_total) VALUES ('413454testPharmacy469', 'testPharmacy', '0', null, '2023-04-13', null, '220')
2023/04/14 00:47:36 INSERT INTO pharmacyordermedicine (orderid, pharmacyUsername, medId, quantity, status, supName, order_date, delivery_date, order_total) VALUES ('413454testPharmacy469', 'testPharmacy', '()', '()', '0', null, '413454testPharmacy469', null, '220')
2023/04/14 00:49:02 INSERT INTO pharmacyorder (id, pharmacyUsername, status, supName, order_date, delivery_date, order_total) VALUES ('413542testPharmacy25', 'testPharmacy', '0', null, '2023-04-13', null, '220')
2023/04/14 00:49:03 INSERT INTO pharmacyordermedicine (orderid, pharmacyUsername, medId, quantity, status, supName, order_date, delivery_date, order_total) VALUES ('413542testPharmacy25', 'testPharmacy', 'Med0001', '4', '0', null, '413542testPharmacy25', null, '220')
2023/04/14 00:51:58 INSERT INTO pharmacyorder (id, pharmacyUsername, status, supName, order_date, delivery_date, order_total) VALUES ('413718testPharmacy85', 'testPharmacy', '0', null, '2023-04-13', null, '220')
2023/04/14 00:52:00 INSERT INTO pharmacyordermedicine (orderid, pharmacyUsername, medId, quantity, status, supName, order_date, delivery_date, order_total) VALUES ('413718testPharmacy85', 'testPharmacy', 'Med0001', '4', '0', null, '2023-04-13', null, '220')
2023/04/14 00:52:00 INSERT INTO pharmacyordermedicine (orderid, pharmacyUsername, medId, quantity, status, supName, order_date, delivery_date, order_total) VALUES ('413718testPharmacy85', 'testPharmacy', 'Med0005', '3', '0', null, '2023-04-13', null, '220')
2023/04/14 00:53:15 INSERT INTO pharmacyorder (id, pharmacyUsername, status, supName, order_date, delivery_date, order_total) VALUES ('413795testPharmacy453', 'testPharmacy', '0', null, '2023-04-13', null, '230')
2023/04/14 00:53:17 INSERT INTO pharmacyordermedicine (orderid, pharmacyUsername, medId, quantity, status, supName, order_date, delivery_date, order_total) VALUES ('413795testPharmacy453', 'testPharmacy', 'Med0001', '3', '0', null, '2023-04-13', null, '230')
2023/04/14 00:53:18 INSERT INTO pharmacyordermedicine (orderid, pharmacyUsername, medId, quantity, status, supName, order_date, delivery_date, order_total) VALUES ('413795testPharmacy453', 'testPharmacy', 'Med0006', '4', '0', null, '2023-04-13', null, '230')
2023/04/14 00:58:28 INSERT INTO pharmacyorder (id, pharmacyUsername, status, supName, order_date, delivery_date, order_total) VALUES ('414108testPharmacy422', 'testPharmacy', '0', null, '2023-04-13', null, '230')
2023/04/14 00:58:30 INSERT INTO pharmacyordermedicine (orderid, pharmacyUsername, medId, quantity, status, supName, order_date, delivery_date, order_total) VALUES ('414108testPharmacy422', 'testPharmacy', 'Med0001', '3', '0', null, '2023-04-13', null, '230')
2023/04/14 00:58:31 INSERT INTO pharmacyordermedicine (orderid, pharmacyUsername, medId, quantity, status, supName, order_date, delivery_date, order_total) VALUES ('414108testPharmacy422', 'testPharmacy', 'Med0006', '4', '0', null, '2023-04-13', null, '230')
2023/04/14 00:58:50 INSERT INTO pharmacyorder (id, pharmacyUsername, status, supName, order_date, delivery_date, order_total) VALUES ('414130testPharmacy387', 'testPharmacy', '0', null, '2023-04-13', null, '230')
2023/04/14 00:58:52 INSERT INTO pharmacyordermedicine (orderid, pharmacyUsername, medId, quantity, status, supName, order_date, delivery_date, order_total) VALUES ('414130testPharmacy387', 'testPharmacy', 'Med0001', '3', '0', null, '2023-04-13', null, '230')
2023/04/14 00:58:52 INSERT INTO pharmacyordermedicine (orderid, pharmacyUsername, medId, quantity, status, supName, order_date, delivery_date, order_total) VALUES ('414130testPharmacy387', 'testPharmacy', 'Med0006', '4', '0', null, '2023-04-13', null, '230')
2023/04/14 01:00:30 INSERT INTO pharmacyorder (id, pharmacyUsername, status, supName, order_date, delivery_date, order_total) VALUES ('414230testPharmacy540', 'testPharmacy', '0', null, '2023-04-13', null, '670')
2023/04/14 01:00:32 INSERT INTO pharmacyordermedicine (orderid, pharmacyUsername, medId, quantity, status, supName, order_date, delivery_date, order_total) VALUES ('414230testPharmacy540', 'testPharmacy', 'Med0004', '3', '0', null, '2023-04-13', null, '670')
2023/04/14 01:00:33 INSERT INTO pharmacyordermedicine (orderid, pharmacyUsername, medId, quantity, status, supName, order_date, delivery_date, order_total) VALUES ('414230testPharmacy540', 'testPharmacy', 'Med0005', '4', '0', null, '2023-04-13', null, '670')
2023/04/14 01:00:33 INSERT INTO pharmacyordermedicine (orderid, pharmacyUsername, medId, quantity, status, supName, order_date, delivery_date, order_total) VALUES ('414230testPharmacy540', 'testPharmacy', 'Med0006', '5', '0', null, '2023-04-13', null, '670')
