2023/04/14 00:01:32 /pharmacy/order-medicine
2023/04/14 00:02:06 /pharmacy/order-medicine
2023/04/14 00:02:15 Unknown column '410733testPharmacy49' in 'field list'
2023/04/14 00:02:16 Unknown column '410735testPharmacy722' in 'field list'
2023/04/14 00:02:16 /pharmacy/order-medicine
2023/04/14 00:04:36 /pharmacy/order-medicine
2023/04/14 00:04:54 /pharmacy/order-medicine
2023/04/14 00:04:56 Unknown column '410895testPharmacy356' in 'field list'
2023/04/14 00:06:21 /pharmacy/order-medicine
2023/04/14 00:06:24 Cannot add or update a child row: a foreign key constraint fails ("medex"."pharmacyorder", CONSTRAINT "pharmacyorder_ibfk_3" FOREIGN KEY ("supName") REFERENCES "supplier" ("username"))
2023/04/14 00:08:25 /pharmacy/order-medicine
2023/04/14 00:08:27 /pharmacy/orders
2023/04/14 00:09:39 /pharmacy/order-medicine
2023/04/14 00:10:03 /pharmacy/order-medicine
2023/04/14 00:10:08 /pharmacy/orders
2023/04/14 00:10:32 /pharmacy/orders
2023/04/14 00:26:29 /pharmacy/order-medicine
2023/04/14 00:27:04 /pharmacy/order-medicine
2023/04/14 00:27:09 /pharmacy/orders
2023/04/14 00:36:18 /pharmacy/order-medicine
2023/04/14 00:38:44 /pharmacy/order-medicine
2023/04/14 00:38:48 /pharmacy/orders
2023/04/14 00:42:46 /pharmacy/order-medicine
2023/04/14 00:43:25 /pharmacy/order-medicine
2023/04/14 00:44:41 /pharmacy/order-medicine
2023/04/14 00:44:45 Incorrect integer value: '()' for column 'quantity' at row 1
2023/04/14 00:46:02 /pharmacy/order-medicine
2023/04/14 00:46:06 Incorrect integer value: '()' for column 'quantity' at row 1
2023/04/14 00:47:32 /pharmacy/order-medicine
2023/04/14 00:47:37 Incorrect integer value: '()' for column 'quantity' at row 1
2023/04/14 00:48:59 /pharmacy/order-medicine
2023/04/14 00:49:04 Incorrect date value: '413542testPharmacy25' for column 'order_date' at row 1
2023/04/14 00:51:55 /pharmacy/order-medicine
2023/04/14 00:52:23 /pharmacy/order-medicine
2023/04/14 00:52:33 /pharmacy/order-medicine
2023/04/14 00:53:12 /pharmacy/order-medicine
2023/04/14 00:58:26 /pharmacy/order-medicine
2023/04/14 00:58:48 /pharmacy/order-medicine
2023/04/14 00:58:53 /pharmacy/orders
2023/04/14 00:59:43 /pharmacy/order-medicine
2023/04/14 01:00:27 /pharmacy/order-medicine
2023/04/14 01:00:34 /pharmacy/orders
2023/04/14 07:52:10 /
2023/04/14 07:53:43 /
2023/04/14 07:54:37 /
2023/04/14 07:54:45 /
2023/04/14 07:55:36 /login
2023/04/14 07:55:39 /login
2023/04/14 07:56:30 /login
2023/04/14 07:56:39 /login
2023/04/14 07:56:51 /login
2023/04/14 07:57:36 /login
2023/04/14 07:57:39 /
2023/04/14 07:57:44 /login
2023/04/14 07:57:46 /login
2023/04/14 08:01:54 /login
2023/04/14 08:03:05 /login
2023/04/14 08:03:07 /dashboard
2023/04/14 08:03:59 /dashboard
2023/04/14 08:04:13 /pharmacy/order-medicine
2023/04/14 08:05:42 /pharmacy/order-medicine
2023/04/14 08:07:38 /pharmacy/order-medicine
2023/04/14 08:08:15 /dashboard
2023/04/14 08:08:22 /pharmacy/sell-medicine
2023/04/14 08:08:29 /pharmacy/order-medicine
2023/04/14 08:08:35 /pharmacy/orders
2023/04/14 08:08:50 /pharmacy/inventory
2023/04/14 08:09:05 /pharmacy/contact-us
2023/04/14 08:09:11 /pharmacy/settings
2023/04/14 08:09:14 /pharmacy/profile
2023/04/14 08:09:17 /dashboard
