2023/05/02 14:07:18 /pharmacy/invoices
2023/05/02 14:07:51 /pharmacy/invoices
2023/05/02 14:08:57 /pharmacy/invoices
2023/05/02 14:14:16 /pharmacy/invoices
2023/05/02 14:14:18 /pharmacy/api/sales-order
2023/05/02 14:14:19 /pharmacy/api/sales-order-medicines
2023/05/02 14:14:34 /pharmacy/sell-medicine
2023/05/02 14:22:33 /pharmacy/invoices
2023/05/02 14:22:36 /pharmacy/orders
2023/05/02 14:22:47 /pharmacy/api/order-details
2023/05/02 14:22:48 /pharmacy/api/order-medicine-details
2023/05/02 14:22:51 /pharmacy/api/get-location
2023/05/02 14:41:31 /pharmacy/sell-medicine
2023/05/02 14:41:32 /dashboard
2023/05/02 14:41:41 /pharmacy/api/sales-by-day
2023/05/02 14:41:42 /pharmacy/api/sales-and-cost-for-current-month
2023/05/02 14:49:35 /pharmacy/sell-medicine
2023/05/02 14:52:02 /pharmacy/invoices
2023/05/02 14:52:09 /pharmacy/api/sales-order
2023/05/02 14:52:10 /pharmacy/api/sales-order-medicines
2023/05/02 14:52:37 /pharmacy/api/sales-order
2023/05/02 14:52:38 /pharmacy/api/sales-order-medicines
2023/05/02 15:11:12 /pharmacy/orders
2023/05/02 19:02:55 /pharmacy/orders
2023/05/02 19:03:32 /pharmacy/api/order-details
2023/05/02 19:03:34 /pharmacy/api/order-medicine-details
2023/05/02 19:03:37 /pharmacy/api/get-location
2023/05/02 19:04:50 /pharmacy/sell-medicine
2023/05/02 19:06:04 /pharmacy/invoices
2023/05/02 19:26:33 /pharmacy/sell-medicine
2023/05/02 19:48:31 /pharmacy/invoices
2023/05/02 19:48:34 /pharmacy/api/sales-order
2023/05/02 19:48:35 /pharmacy/api/sales-order-medicines
2023/05/02 19:58:41 /pharmacy/invoices
2023/05/02 19:58:44 /pharmacy/api/sales-order
2023/05/02 19:58:45 /pharmacy/api/sales-order-medicines
2023/05/02 19:59:47 /pharmacy/invoices
2023/05/02 19:59:50 /pharmacy/api/sales-order
2023/05/02 19:59:51 /pharmacy/api/sales-order-medicines
2023/05/02 20:43:51 /pharmacy/api/sales-order
2023/05/02 20:43:52 /pharmacy/api/sales-order-medicines
2023/05/04 23:27:07 /login
2023/05/04 23:27:12 /login
2023/05/04 23:27:14 /dashboard
2023/05/04 23:27:23 /pharmacy/api/sales-by-day
2023/05/04 23:27:24 /pharmacy/api/sales-and-cost-for-current-month
2023/05/04 23:30:03 /pharmacy/sell-medicine
2023/05/04 23:30:39 /pharmacy/sell-medicine
2023/05/04 23:33:48 /pharmacy/sell-medicine
2023/05/04 23:34:41 /pharmacy/sell-medicine
2023/05/04 23:34:50 /pharmacy/invoices
2023/05/04 23:34:55 /pharmacy/api/sales-order
2023/05/04 23:34:56 /pharmacy/api/sales-order-medicines
2023/05/04 23:35:15 /pharmacy/sell-medicine
2023/05/04 23:36:03 /pharmacy/sell-medicine
2023/05/04 23:36:11 /pharmacy/invoices
2023/05/04 23:36:19 /pharmacy/api/sales-order
2023/05/04 23:36:20 /pharmacy/api/sales-order-medicines
2023/05/04 23:36:40 /pharmacy/sell-medicine
2023/05/04 23:37:09 /pharmacy/sell-medicine
2023/05/04 23:37:17 /pharmacy/invoices
2023/05/04 23:37:21 /pharmacy/api/sales-order
2023/05/04 23:37:22 /pharmacy/api/sales-order-medicines
2023/05/04 23:43:39 /pharmacy/sell-medicine
2023/05/04 23:43:56 /pharmacy/sell-medicine
2023/05/04 23:44:07 /pharmacy/invoices
2023/05/04 23:44:18 /pharmacy/api/sales-order
2023/05/04 23:44:19 /pharmacy/api/sales-order-medicines
2023/05/04 23:44:38 /pharmacy/api/sales-order
2023/05/04 23:44:40 /pharmacy/api/sales-order-medicines
2023/05/04 23:45:55 /pharmacy/inventory
2023/05/04 23:47:34 /pharmacy/sell-medicine
2023/05/04 23:47:35 /pharmacy/invoices
2023/05/04 23:47:40 /pharmacy/api/sales-order
2023/05/04 23:47:40 /pharmacy/api/sales-order-medicines
2023/05/04 23:54:00 /pharmacy/invoices
2023/05/04 23:54:03 /pharmacy/api/sales-order
2023/05/04 23:54:04 /pharmacy/api/sales-order-medicines
2023/05/04 23:55:59 /pharmacy/invoices
2023/05/04 23:56:01 /pharmacy/api/sales-order
2023/05/04 23:56:02 /pharmacy/api/sales-order-medicines
2023/05/04 23:57:50 /pharmacy/invoices
2023/05/04 23:57:55 /pharmacy/api/sales-order
2023/05/04 23:57:55 /pharmacy/api/sales-order-medicines
2023/05/04 23:59:22 /pharmacy/invoices
2023/05/04 23:59:26 /pharmacy/api/sales-order
2023/05/04 23:59:27 /pharmacy/api/sales-order-medicines
2023/05/05 00:00:13 /pharmacy/sell-medicine
2023/05/05 00:00:15 /dashboard
2023/05/05 00:00:22 /pharmacy/api/sales-by-day
2023/05/05 00:00:23 /pharmacy/api/sales-and-cost-for-current-month
2023/05/05 00:01:35 /pharmacy/sell-medicine
2023/05/05 00:02:54 /pharmacy/sell-medicine
2023/05/05 00:03:02 /pharmacy/invoices
2023/05/05 00:03:06 /pharmacy/api/sales-order
2023/05/05 00:03:07 /pharmacy/api/sales-order-medicines
2023/05/05 00:12:18 /pharmacy/api/sales-order
2023/05/05 00:12:19 /pharmacy/api/sales-order-medicines
2023/05/05 00:13:04 /pharmacy/sell-medicine
2023/05/05 00:13:23 /pharmacy/sell-medicine
2023/05/05 00:13:51 /pharmacy/sell-medicine
2023/05/05 00:14:01 /pharmacy/sell-medicine
2023/05/05 00:14:21 /pharmacy/sell-medicine
2023/05/05 00:14:33 /pharmacy/sell-medicine
2023/05/05 00:15:22 /pharmacy/sell-medicine
2023/05/05 00:15:31 /pharmacy/sell-medicine
2023/05/05 00:16:08 /pharmacy/sell-medicine
2023/05/05 00:16:29 /pharmacy/sell-medicine
2023/05/05 00:16:41 /pharmacy/sell-medicine
2023/05/05 00:25:49 /pharmacy/sell-medicine
2023/05/05 00:25:57 /pharmacy/sell-medicine
2023/05/05 00:27:40 /pharmacy/sell-medicine
2023/05/05 00:27:47 /pharmacy/sell-medicine
2023/05/05 00:27:55 /pharmacy/sell-medicine
2023/05/05 00:31:20 /pharmacy/sell-medicine
2023/05/05 00:31:27 /pharmacy/sell-medicine
2023/05/05 00:31:33 /pharmacy/sell-medicine
2023/05/05 00:32:03 /pharmacy/sell-medicine
2023/05/05 00:32:18 /pharmacy/sell-medicine
2023/05/05 00:32:27 /pharmacy/invoices
2023/05/05 00:32:36 /pharmacy/api/sales-order
2023/05/05 00:32:37 /pharmacy/api/sales-order-medicines
2023/05/05 00:36:42 /pharmacy/invoices
2023/05/05 00:36:44 /pharmacy/api/sales-order
2023/05/05 00:36:45 /pharmacy/api/sales-order-medicines
2023/05/05 00:37:18 /pharmacy/invoices
2023/05/05 00:37:21 /pharmacy/api/sales-order
2023/05/05 00:37:22 /pharmacy/api/sales-order-medicines
2023/05/05 00:37:43 /pharmacy/invoices
2023/05/05 00:37:46 /pharmacy/api/sales-order
2023/05/05 00:37:46 /pharmacy/api/sales-order-medicines
