2022/12/01 23:19:30 testDelivery signed in
2022/12/01 23:21:40 testPharmacy signed in
2022/12/01 23:23:13 pharmacy testPharmacy signed in
2022/12/13 19:49:25 pharmacy testPharmacy signed in
2022/12/13 19:53:27 pharmacy testPharmacy signed in
2022/12/13 19:55:19 pharmacy testPharmacy signed in
2022/12/13 19:57:00 pharmacy testPharmacy signed in
2022/12/13 21:42:29 pharmacy testPharmacy signed in
2022/12/14 13:22:15 pharmacy testPharmacy signed in
2022/12/14 13:23:26 pharmacy testPharmacy signed in
2022/12/14 13:24:01 pharmacy testPharmacy signed in
2022/12/14 13:24:07 pharmacy testPharmacy signed in
2022/12/14 13:25:30 pharmacy testPharmacy signed in
2022/12/14 13:47:35 pharmacy testPharmacy signed in
2022/12/14 13:49:57 pharmacy testPharmacy signed in
2022/12/14 14:02:59 pharmacy testPharmacy signed in
2022/12/14 14:48:45 delivery testDelivery signed in
2022/12/14 14:50:52 delivery testDelivery signed in
2022/12/14 14:51:36 delivery testDelivery signed in
2022/12/14 19:34:25 pharmacy crystalPharm signed in
2022/12/14 19:35:14 pharmacy crystalPharm signed in
2022/12/14 19:40:10 pharmacy testPharmacy signed in
2022/12/14 19:52:41 pharmacy crystalPharm signed in
2022/12/14 20:10:51 pharmacy crystalPharm signed in
2022/12/14 21:18:20 pharmacy crystalPharm signed in
2022/12/14 21:20:08 pharmacy crystalPharm signed in
2022/12/14 21:28:22 pharmacy crystalPharm signed in
2022/12/14 22:20:08 pharmacy crystalPharm signed in
2022/12/14 22:26:34 pharmacy crystalPharm signed in
2022/12/14 23:11:43 pharmacy crystalPharm signed in
2022/12/14 23:14:17 pharmacy crystalPharm signed in
2022/12/14 23:16:12 pharmacy crystalPharm signed in
2022/12/15 01:18:42 pharmacy crystalPharm signed in
2022/12/15 11:29:01 pharmacy crystalPharm signed in
2022/12/15 11:29:17 pharmacy crystalPharm signed in
2022/12/15 11:35:58 pharmacy crystalPharm signed in
2022/12/15 11:37:26 pharmacy crystalPharm signed in
2022/12/15 12:58:58 pharmacy crystalPharm signed in
2022/12/15 14:20:36 pharmacy crystalPharm signed in
2022/12/15 15:41:57 pharmacy crystalPharm signed in
2022/12/15 17:16:49 pharmacy crystalPharm signed in
2022/12/15 18:24:43 pharmacy unitedPharma signed in
2022/12/15 19:00:20 pharmacy unitedPharma signed in
2022/12/15 21:52:24 pharmacy unitedPharma signed in
2022/12/15 23:52:41 pharmacy unitedPharma signed in
2022/12/15 23:54:41 pharmacy unitedPharma signed in
2022/12/16 01:02:35 pharmacy unitedPharma signed in
2022/12/16 01:03:14 delivery testDelivery signed in
2022/12/16 01:34:17 pharmacy unitedPharma signed in
2022/12/16 01:54:02 lab testLab signed in
2022/12/16 02:03:53 lab testLab signed in
2022/12/16 03:22:00 lab keells signed in
